npm verbose cli C:\Program Files\nodejs\node.exe C:\Users\asus\AppData\Roaming\npm\node_modules\npm\bin\npm-cli.js
npm info using npm@11.8.0
npm info using node@v24.14.0
npm verbose title npm install next-auth
npm verbose argv "install" "next-auth" "--loglevel" "verbose"
npm verbose logfile logs-max:10 dir:C:\Users\asus\AppData\Local\npm-cache\_logs\2026-04-21T12_17_24_632Z-
npm verbose logfile C:\Users\asus\AppData\Local\npm-cache\_logs\2026-04-21T12_17_24_632Z-debug-0.log
npm http fetch GET 200 https://registry.npmjs.org/next-auth 724ms (cache miss)
npm http fetch GET 200 https://registry.npmjs.org/@auth%2fcore 397ms (cache miss)
npm http fetch GET 200 https://registry.npmjs.org/@simplewebauthn%2fbrowser 98ms (cache miss)
npm http fetch GET 200 https://registry.npmjs.org/@simplewebauthn%2fserver 603ms (cache miss)
npm http fetch GET 200 https://registry.npmjs.org/nodemailer 178ms (cache miss)
npm http fetch GET 200 https://registry.npmjs.org/next 943ms (cache miss)
npm http fetch GET 200 https://registry.npmjs.org/@opentelemetry%2fapi 140ms (cache miss)
npm http fetch GET 200 https://registry.npmjs.org/@playwright%2ftest 773ms (cache miss)
npm http fetch GET 200 https://registry.npmjs.org/babel-plugin-react-compiler 218ms (cache miss)
npm http fetch GET 200 https://registry.npmjs.org/react 591ms (cache miss)
npm http fetch GET 200 https://registry.npmjs.org/react-dom 665ms (cache miss)
npm http fetch GET 200 https://registry.npmjs.org/sass 218ms (cache miss)
npm http fetch GET 200 https://registry.npmjs.org/oauth 287ms (cache miss)
npm http fetch GET 200 https://registry.npmjs.org/cookie 355ms (cache miss)
npm http fetch GET 200 https://registry.npmjs.org/jose 363ms (cache miss)
npm http fetch GET 200 https://registry.npmjs.org/uuid 420ms (cache miss)
npm http fetch GET 200 https://registry.npmjs.org/preact-render-to-string 712ms (cache miss)
npm http fetch GET 200 https://registry.npmjs.org/openid-client 718ms (cache miss)
npm http fetch GET 200 https://registry.npmjs.org/@babel%2fruntime 725ms (cache miss)
npm http fetch GET 200 https://registry.npmjs.org/preact 780ms (cache miss)
npm http fetch GET 200 https://registry.npmjs.org/@panva%2fhkdf 1325ms (cache miss)
npm http fetch GET 200 https://registry.npmjs.org/object-hash 208ms (cache miss)
npm http fetch GET 200 https://registry.npmjs.org/oidc-token-hash 216ms (cache miss)
npm http fetch GET 200 https://registry.npmjs.org/lru-cache 259ms (cache miss)
npm http fetch GET 200 https://registry.npmjs.org/pretty-format 324ms (cache miss)
npm http fetch GET 200 https://registry.npmjs.org/@babel%2fhelper-simple-access 679ms (cache miss)
npm http fetch GET 200 https://registry.npmjs.org/@babel%2fplugin-proposal-decorators 138ms (cache miss)
npm http fetch GET 200 https://registry.npmjs.org/@babel%2fcore 234ms (cache miss)
npm http fetch GET 200 https://registry.npmjs.org/@babel%2fplugin-syntax-class-properties 143ms (cache miss)
npm http fetch GET 200 https://registry.npmjs.org/@babel%2fplugin-syntax-import-assertions 107ms (cache miss)
npm http fetch GET 200 https://registry.npmjs.org/@babel%2fplugin-transform-export-namespace-from 107ms (cache miss)
npm http fetch GET 200 https://registry.npmjs.org/@babel%2fplugin-transform-react-jsx 122ms (cache miss)
npm http fetch GET 200 https://registry.npmjs.org/@rspack%2fcli 461ms (cache miss)
npm http fetch GET 200 https://registry.npmjs.org/@rspack%2fcore 395ms (cache miss)
npm http fetch GET 200 https://registry.npmjs.org/@swc%2fhelpers 126ms (cache miss)
npm http fetch GET 200 https://registry.npmjs.org/@types%2fbabel__core 99ms (cache miss)
npm http fetch GET 200 https://registry.npmjs.org/@types%2fbabel__helper-module-imports 625ms (cache miss)
npm http fetch GET 200 https://registry.npmjs.org/@types%2fbabel__helper-plugin-utils 549ms (cache miss)
npm http fetch GET 200 https://registry.npmjs.org/@types%2fbabel__template 90ms (cache miss)
npm http fetch GET 200 https://registry.npmjs.org/@types%2fbabel__traverse 127ms (cache miss)
npm http fetch GET 200 https://registry.npmjs.org/@types%2fnode 521ms (cache miss)
npm http fetch GET 200 https://registry.npmjs.org/@vitest%2fcoverage-v8 105ms (cache miss)
npm http fetch GET 200 https://registry.npmjs.org/@vitest%2fbrowser 145ms (cache miss)
npm http fetch GET 200 https://registry.npmjs.org/playwright 1028ms (cache miss)
npm http fetch GET 200 https://registry.npmjs.org/vitest 194ms (cache miss)
npm http fetch GET 200 https://registry.npmjs.org/@edge-runtime%2fvm 146ms (cache miss)
npm http fetch GET 200 https://registry.npmjs.org/@types%2fdebug 113ms (cache miss)
npm http fetch GET 200 https://registry.npmjs.org/@vitest%2fui 237ms (cache miss)
npm http fetch GET 200 https://registry.npmjs.org/happy-dom 279ms (cache miss)
npm http fetch GET 200 https://registry.npmjs.org/jsdom 107ms (cache miss)
npm http fetch GET 200 https://registry.npmjs.org/canvas 105ms (cache miss)
npm http fetch GET 200 https://registry.npmjs.org/webdriverio 334ms (cache miss)
npm http fetch GET 200 https://registry.npmjs.org/puppeteer-core 145ms (cache miss)
npm http fetch GET 200 https://registry.npmjs.org/babel-plugin-parameter-decorator 293ms (cache miss)
npm http fetch GET 200 https://registry.npmjs.org/changelogen 879ms (cache miss)
npm http fetch GET 200 https://registry.npmjs.org/config 776ms (cache miss)
npm http fetch GET 200 https://registry.npmjs.org/consola 125ms (cache miss)
npm http fetch GET 200 https://registry.npmjs.org/defu 77ms (cache miss)
npm http fetch GET 200 https://registry.npmjs.org/destr 85ms (cache miss)
npm http fetch GET 200 https://registry.npmjs.org/escape-string-regexp 62ms (cache miss)
npm http fetch GET 200 https://registry.npmjs.org/eslint-config-unjs 337ms (cache miss)
npm http fetch GET 200 https://registry.npmjs.org/eslint 134ms (cache miss)
npm http fetch GET 200 https://registry.npmjs.org/jiti 84ms (cache miss)
npm http fetch GET 200 https://registry.npmjs.org/typescript 702ms (cache miss)
npm http fetch GET 200 https://registry.npmjs.org/estree-walker 124ms (cache miss)
npm http fetch GET 200 https://registry.npmjs.org/is-installed-globally 71ms (cache miss)
npm http fetch GET 200 https://registry.npmjs.org/mime 92ms (cache miss)
npm http fetch GET 200 https://registry.npmjs.org/mlly 110ms (cache miss)
npm http fetch GET 200 https://registry.npmjs.org/moment-timezone 76ms (cache miss)
npm http fetch GET 200 https://registry.npmjs.org/nano-jsx 316ms (cache miss)
npm http fetch GET 200 https://registry.npmjs.org/pathe 76ms (cache miss)
npm http fetch GET 200 https://registry.npmjs.org/pkg-types 725ms (cache miss)
npm http cache https://registry.npmjs.org/preact-render-to-string 9ms (cache hit)
npm http cache https://registry.npmjs.org/preact 7ms (cache hit)
npm http fetch GET 200 https://registry.npmjs.org/prettier 125ms (cache miss)
npm http fetch GET 200 https://registry.npmjs.org/reflect-metadata 94ms (cache miss)
npm http fetch GET 200 https://registry.npmjs.org/solid-js 201ms (cache miss)
npm http fetch GET 200 https://registry.npmjs.org/std-env 80ms (cache miss)
npm http fetch GET 200 https://registry.npmjs.org/terser-webpack-plugin 95ms (cache miss)
npm http fetch GET 200 https://registry.npmjs.org/webpack 248ms (cache miss)
npm http fetch GET 200 https://registry.npmjs.org/tinyexec 88ms (cache miss)
npm http fetch GET 200 https://registry.npmjs.org/ts-loader 114ms (cache miss)
npm http cache https://registry.npmjs.org/webpack 13ms (cache hit)
npm http fetch GET 200 https://registry.npmjs.org/vue 395ms (cache miss)
npm http fetch GET 200 https://registry.npmjs.org/zod 220ms (cache miss)
npm verbose stack TypeError: Cannot read properties of null (reading 'matches')
npm verbose stack     at Link.matches (C:\Users\asus\AppData\Roaming\npm\node_modules\npm\node_modules\@npmcli\arborist\lib\node.js:1186:41)
npm verbose stack     at Link.canDedupe (C:\Users\asus\AppData\Roaming\npm\node_modules\npm\node_modules\@npmcli\arborist\lib\node.js:1130:15)
npm verbose stack     at PlaceDep.pruneDedupable (C:\Users\asus\AppData\Roaming\npm\node_modules\npm\node_modules\@npmcli\arborist\lib\place-dep.js:426:14)
npm verbose stack     at new PlaceDep (C:\Users\asus\AppData\Roaming\npm\node_modules\npm\node_modules\@npmcli\arborist\lib\place-dep.js:278:14)
npm verbose stack     at new PlaceDep (C:\Users\asus\AppData\Roaming\npm\node_modules\npm\node_modules\@npmcli\arborist\lib\place-dep.js:314:26)
npm verbose stack     at #buildDepStep (C:\Users\asus\AppData\Roaming\npm\node_modules\npm\node_modules\@npmcli\arborist\lib\arborist\build-ideal-tree.js:934:18)
npm verbose stack     at async Arborist.buildIdealTree (C:\Users\asus\AppData\Roaming\npm\node_modules\npm\node_modules\@npmcli\arborist\lib\arborist\build-ideal-tree.js:170:7)
npm verbose stack     at async Promise.all (index 1)
npm verbose stack     at async Arborist.reify (C:\Users\asus\AppData\Roaming\npm\node_modules\npm\node_modules\@npmcli\arborist\lib\arborist\reify.js:110:5)
npm verbose stack     at async Install.exec (C:\Users\asus\AppData\Roaming\npm\node_modules\npm\lib\commands\install.js:150:5)
npm error Cannot read properties of null (reading 'matches')
npm verbose cwd C:\Users\asus\OneDrive\Desktop\Research_Assistant\frontend\my-app
npm verbose os Windows_NT 10.0.26200
npm verbose node v24.14.0
npm verbose npm  v11.8.0
npm verbose exit 1
npm verbose code 1
npm error A complete log of this run can be found in: C:\Users\asus\AppData\Local\npm-cache\_logs\2026-04-21T12_17_24_632Z-debug-0.log
